{"C:\\Users\\user\\Desktop\\fullstack_cours\\part02\\part02\\src\\App.jsx": {"path":"C:\\Users\\user\\Desktop\\fullstack_cours\\part02\\part02\\src\\App.jsx","statementMap":{"0":{"start":{"line":15,"column":12},"end":{"line":182,"column":1}},"1":{"start":{"line":16,"column":28},"end":{"line":16,"column":40}},"2":{"start":{"line":17,"column":32},"end":{"line":17,"column":42}},"3":{"start":{"line":18,"column":32},"end":{"line":18,"column":47}},"4":{"start":{"line":19,"column":42},"end":{"line":19,"column":73}},"5":{"start":{"line":20,"column":33},"end":{"line":20,"column":45}},"6":{"start":{"line":21,"column":34},"end":{"line":21,"column":46}},"7":{"start":{"line":22,"column":26},"end":{"line":22,"column":40}},"8":{"start":{"line":23,"column":43},"end":{"line":23,"column":58}},"9":{"start":{"line":24,"column":22},"end":{"line":24,"column":30}},"10":{"start":{"line":26,"column":2},"end":{"line":32,"column":7}},"11":{"start":{"line":27,"column":4},"end":{"line":31,"column":8}},"12":{"start":{"line":30,"column":8},"end":{"line":30,"column":26}},"13":{"start":{"line":34,"column":2},"end":{"line":41,"column":8}},"14":{"start":{"line":35,"column":27},"end":{"line":35,"column":63}},"15":{"start":{"line":36,"column":4},"end":{"line":40,"column":5}},"16":{"start":{"line":37,"column":19},"end":{"line":37,"column":45}},"17":{"start":{"line":38,"column":6},"end":{"line":38,"column":19}},"18":{"start":{"line":39,"column":6},"end":{"line":39,"column":39}},"19":{"start":{"line":43,"column":21},"end":{"line":43,"column":69}},"20":{"start":{"line":43,"column":57},"end":{"line":43,"column":68}},"21":{"start":{"line":45,"column":18},"end":{"line":51,"column":3}},"22":{"start":{"line":46,"column":4},"end":{"line":46,"column":42}},"23":{"start":{"line":47,"column":4},"end":{"line":50,"column":8}},"24":{"start":{"line":49,"column":8},"end":{"line":49,"column":44}},"25":{"start":{"line":53,"column":26},"end":{"line":68,"column":3}},"26":{"start":{"line":54,"column":17},"end":{"line":54,"column":45}},"27":{"start":{"line":54,"column":33},"end":{"line":54,"column":44}},"28":{"start":{"line":55,"column":24},"end":{"line":55,"column":63}},"29":{"start":{"line":56,"column":4},"end":{"line":67,"column":8}},"30":{"start":{"line":59,"column":8},"end":{"line":59,"column":61}},"31":{"start":{"line":59,"column":32},"end":{"line":59,"column":59}},"32":{"start":{"line":62,"column":8},"end":{"line":62,"column":78}},"33":{"start":{"line":63,"column":8},"end":{"line":65,"column":16}},"34":{"start":{"line":64,"column":10},"end":{"line":64,"column":31}},"35":{"start":{"line":66,"column":8},"end":{"line":66,"column":47}},"36":{"start":{"line":66,"column":35},"end":{"line":66,"column":45}},"37":{"start":{"line":85,"column":27},"end":{"line":87,"column":3}},"38":{"start":{"line":86,"column":4},"end":{"line":86,"column":30}},"39":{"start":{"line":91,"column":22},"end":{"line":110,"column":3}},"40":{"start":{"line":92,"column":4},"end":{"line":92,"column":22}},"41":{"start":{"line":93,"column":4},"end":{"line":109,"column":5}},"42":{"start":{"line":94,"column":19},"end":{"line":96,"column":8}},"43":{"start":{"line":97,"column":6},"end":{"line":99,"column":7}},"44":{"start":{"line":100,"column":6},"end":{"line":100,"column":39}},"45":{"start":{"line":101,"column":6},"end":{"line":101,"column":19}},"46":{"start":{"line":102,"column":6},"end":{"line":102,"column":21}},"47":{"start":{"line":103,"column":6},"end":{"line":103,"column":21}},"48":{"start":{"line":105,"column":6},"end":{"line":105,"column":42}},"49":{"start":{"line":106,"column":6},"end":{"line":108,"column":14}},"50":{"start":{"line":107,"column":8},"end":{"line":107,"column":29}},"51":{"start":{"line":112,"column":20},"end":{"line":130,"column":6}},"52":{"start":{"line":113,"column":29},"end":{"line":113,"column":68}},"53":{"start":{"line":114,"column":29},"end":{"line":114,"column":67}},"54":{"start":{"line":115,"column":4},"end":{"line":130,"column":5}},"55":{"start":{"line":118,"column":33},"end":{"line":118,"column":54}},"56":{"start":{"line":123,"column":50},"end":{"line":123,"column":75}},"57":{"start":{"line":124,"column":50},"end":{"line":124,"column":75}},"58":{"start":{"line":127,"column":33},"end":{"line":127,"column":55}},"59":{"start":{"line":132,"column":23},"end":{"line":143,"column":3}},"60":{"start":{"line":133,"column":4},"end":{"line":133,"column":22}},"61":{"start":{"line":134,"column":4},"end":{"line":142,"column":5}},"62":{"start":{"line":135,"column":6},"end":{"line":135,"column":45}},"63":{"start":{"line":136,"column":6},"end":{"line":136,"column":19}},"64":{"start":{"line":137,"column":6},"end":{"line":137,"column":33}},"65":{"start":{"line":138,"column":6},"end":{"line":138,"column":21}},"66":{"start":{"line":139,"column":6},"end":{"line":139,"column":21}},"67":{"start":{"line":141,"column":6},"end":{"line":141,"column":32}},"68":{"start":{"line":145,"column":19},"end":{"line":149,"column":3}},"69":{"start":{"line":146,"column":4},"end":{"line":148,"column":16}},"70":{"start":{"line":151,"column":2},"end":{"line":181,"column":3}},"71":{"start":{"line":167,"column":12},"end":{"line":168,"column":66}},"72":{"start":{"line":168,"column":37},"end":{"line":168,"column":61}},"73":{"start":{"line":172,"column":33},"end":{"line":172,"column":53}}},"fnMap":{"0":{"name":"(anonymous_0)","decl":{"start":{"line":15,"column":12},"end":{"line":15,"column":13}},"loc":{"start":{"line":15,"column":18},"end":{"line":182,"column":1}},"line":15},"1":{"name":"(anonymous_1)","decl":{"start":{"line":26,"column":12},"end":{"line":26,"column":13}},"loc":{"start":{"line":26,"column":18},"end":{"line":32,"column":3}},"line":26},"2":{"name":"(anonymous_2)","decl":{"start":{"line":29,"column":12},"end":{"line":29,"column":13}},"loc":{"start":{"line":29,"column":24},"end":{"line":31,"column":7}},"line":29},"3":{"name":"(anonymous_3)","decl":{"start":{"line":34,"column":12},"end":{"line":34,"column":13}},"loc":{"start":{"line":34,"column":18},"end":{"line":41,"column":3}},"line":34},"4":{"name":"(anonymous_4)","decl":{"start":{"line":43,"column":52},"end":{"line":43,"column":53}},"loc":{"start":{"line":43,"column":57},"end":{"line":43,"column":68}},"line":43},"5":{"name":"(anonymous_5)","decl":{"start":{"line":45,"column":18},"end":{"line":45,"column":19}},"loc":{"start":{"line":45,"column":34},"end":{"line":51,"column":3}},"line":45},"6":{"name":"(anonymous_6)","decl":{"start":{"line":48,"column":12},"end":{"line":48,"column":13}},"loc":{"start":{"line":48,"column":28},"end":{"line":50,"column":7}},"line":48},"7":{"name":"(anonymous_7)","decl":{"start":{"line":53,"column":26},"end":{"line":53,"column":27}},"loc":{"start":{"line":53,"column":32},"end":{"line":68,"column":3}},"line":53},"8":{"name":"(anonymous_8)","decl":{"start":{"line":54,"column":28},"end":{"line":54,"column":29}},"loc":{"start":{"line":54,"column":33},"end":{"line":54,"column":44}},"line":54},"9":{"name":"(anonymous_9)","decl":{"start":{"line":58,"column":12},"end":{"line":58,"column":13}},"loc":{"start":{"line":58,"column":26},"end":{"line":60,"column":7}},"line":58},"10":{"name":"(anonymous_10)","decl":{"start":{"line":59,"column":27},"end":{"line":59,"column":28}},"loc":{"start":{"line":59,"column":32},"end":{"line":59,"column":59}},"line":59},"11":{"name":"(anonymous_11)","decl":{"start":{"line":61,"column":13},"end":{"line":61,"column":14}},"loc":{"start":{"line":61,"column":20},"end":{"line":67,"column":7}},"line":61},"12":{"name":"(anonymous_12)","decl":{"start":{"line":63,"column":19},"end":{"line":63,"column":20}},"loc":{"start":{"line":63,"column":25},"end":{"line":65,"column":9}},"line":63},"13":{"name":"(anonymous_13)","decl":{"start":{"line":66,"column":30},"end":{"line":66,"column":31}},"loc":{"start":{"line":66,"column":35},"end":{"line":66,"column":45}},"line":66},"14":{"name":"(anonymous_14)","decl":{"start":{"line":85,"column":27},"end":{"line":85,"column":28}},"loc":{"start":{"line":85,"column":34},"end":{"line":87,"column":3}},"line":85},"15":{"name":"(anonymous_15)","decl":{"start":{"line":91,"column":22},"end":{"line":91,"column":23}},"loc":{"start":{"line":91,"column":35},"end":{"line":110,"column":3}},"line":91},"16":{"name":"(anonymous_16)","decl":{"start":{"line":106,"column":17},"end":{"line":106,"column":18}},"loc":{"start":{"line":106,"column":23},"end":{"line":108,"column":7}},"line":106},"17":{"name":"(anonymous_17)","decl":{"start":{"line":112,"column":20},"end":{"line":112,"column":21}},"loc":{"start":{"line":112,"column":26},"end":{"line":130,"column":6}},"line":112},"18":{"name":"(anonymous_18)","decl":{"start":{"line":118,"column":27},"end":{"line":118,"column":28}},"loc":{"start":{"line":118,"column":33},"end":{"line":118,"column":54}},"line":118},"19":{"name":"(anonymous_19)","decl":{"start":{"line":123,"column":34},"end":{"line":123,"column":35}},"loc":{"start":{"line":123,"column":50},"end":{"line":123,"column":75}},"line":123},"20":{"name":"(anonymous_20)","decl":{"start":{"line":124,"column":34},"end":{"line":124,"column":35}},"loc":{"start":{"line":124,"column":50},"end":{"line":124,"column":75}},"line":124},"21":{"name":"(anonymous_21)","decl":{"start":{"line":127,"column":27},"end":{"line":127,"column":28}},"loc":{"start":{"line":127,"column":33},"end":{"line":127,"column":55}},"line":127},"22":{"name":"(anonymous_22)","decl":{"start":{"line":132,"column":23},"end":{"line":132,"column":24}},"loc":{"start":{"line":132,"column":36},"end":{"line":143,"column":3}},"line":132},"23":{"name":"(anonymous_23)","decl":{"start":{"line":145,"column":19},"end":{"line":145,"column":20}},"loc":{"start":{"line":146,"column":4},"end":{"line":148,"column":16}},"line":146},"24":{"name":"(anonymous_24)","decl":{"start":{"line":166,"column":26},"end":{"line":166,"column":27}},"loc":{"start":{"line":167,"column":12},"end":{"line":168,"column":66}},"line":167},"25":{"name":"(anonymous_25)","decl":{"start":{"line":168,"column":31},"end":{"line":168,"column":32}},"loc":{"start":{"line":168,"column":37},"end":{"line":168,"column":61}},"line":168},"26":{"name":"(anonymous_26)","decl":{"start":{"line":172,"column":27},"end":{"line":172,"column":28}},"loc":{"start":{"line":172,"column":33},"end":{"line":172,"column":53}},"line":172}},"branchMap":{"0":{"loc":{"start":{"line":36,"column":4},"end":{"line":40,"column":5}},"type":"if","locations":[{"start":{"line":36,"column":4},"end":{"line":40,"column":5}},{"start":{},"end":{}}],"line":36},"1":{"loc":{"start":{"line":43,"column":21},"end":{"line":43,"column":69}},"type":"cond-expr","locations":[{"start":{"line":43,"column":31},"end":{"line":43,"column":36}},{"start":{"line":43,"column":39},"end":{"line":43,"column":69}}],"line":43},"2":{"loc":{"start":{"line":59,"column":32},"end":{"line":59,"column":59}},"type":"cond-expr","locations":[{"start":{"line":59,"column":45},"end":{"line":59,"column":46}},{"start":{"line":59,"column":49},"end":{"line":59,"column":59}}],"line":59},"3":{"loc":{"start":{"line":113,"column":40},"end":{"line":113,"column":66}},"type":"cond-expr","locations":[{"start":{"line":113,"column":56},"end":{"line":113,"column":62}},{"start":{"line":113,"column":64},"end":{"line":113,"column":66}}],"line":113},"4":{"loc":{"start":{"line":114,"column":40},"end":{"line":114,"column":65}},"type":"cond-expr","locations":[{"start":{"line":114,"column":55},"end":{"line":114,"column":57}},{"start":{"line":114,"column":59},"end":{"line":114,"column":65}}],"line":114},"5":{"loc":{"start":{"line":157,"column":7},"end":{"line":157,"column":27}},"type":"binary-expr","locations":[{"start":{"line":157,"column":7},"end":{"line":157,"column":12}},{"start":{"line":157,"column":16},"end":{"line":157,"column":27}}],"line":157},"6":{"loc":{"start":{"line":159,"column":8},"end":{"line":161,"column":20}},"type":"binary-expr","locations":[{"start":{"line":159,"column":8},"end":{"line":159,"column":12}},{"start":{"line":159,"column":16},"end":{"line":161,"column":20}}],"line":159},"7":{"loc":{"start":{"line":173,"column":16},"end":{"line":173,"column":45}},"type":"cond-expr","locations":[{"start":{"line":173,"column":26},"end":{"line":173,"column":37}},{"start":{"line":173,"column":40},"end":{"line":173,"column":45}}],"line":173},"8":{"loc":{"start":{"line":176,"column":11},"end":{"line":176,"column":67}},"type":"binary-expr","locations":[{"start":{"line":176,"column":11},"end":{"line":176,"column":15}},{"start":{"line":176,"column":20},"end":{"line":176,"column":67}}],"line":176}},"s":{"0":0,"1":0,"2":0,"3":0,"4":0,"5":0,"6":0,"7":0,"8":0,"9":0,"10":0,"11":0,"12":0,"13":0,"14":0,"15":0,"16":0,"17":0,"18":0,"19":0,"20":0,"21":0,"22":0,"23":0,"24":0,"25":0,"26":0,"27":0,"28":0,"29":0,"30":0,"31":0,"32":0,"33":0,"34":0,"35":0,"36":0,"37":0,"38":0,"39":0,"40":0,"41":0,"42":0,"43":0,"44":0,"45":0,"46":0,"47":0,"48":0,"49":0,"50":0,"51":0,"52":0,"53":0,"54":0,"55":0,"56":0,"57":0,"58":0,"59":0,"60":0,"61":0,"62":0,"63":0,"64":0,"65":0,"66":0,"67":0,"68":0,"69":0,"70":0,"71":0,"72":0,"73":0},"f":{"0":0,"1":0,"2":0,"3":0,"4":0,"5":0,"6":0,"7":0,"8":0,"9":0,"10":0,"11":0,"12":0,"13":0,"14":0,"15":0,"16":0,"17":0,"18":0,"19":0,"20":0,"21":0,"22":0,"23":0,"24":0,"25":0,"26":0},"b":{"0":[0,0],"1":[0,0],"2":[0,0],"3":[0,0],"4":[0,0],"5":[0,0],"6":[0,0],"7":[0,0],"8":[0,0]}}
,"C:\\Users\\user\\Desktop\\fullstack_cours\\part02\\part02\\src\\Country.jsx": {"path":"C:\\Users\\user\\Desktop\\fullstack_cours\\part02\\part02\\src\\Country.jsx","statementMap":{"0":{"start":{"line":5,"column":16},"end":{"line":62,"column":1}},"1":{"start":{"line":6,"column":35},"end":{"line":6,"column":47}},"2":{"start":{"line":7,"column":32},"end":{"line":7,"column":44}},"3":{"start":{"line":9,"column":17},"end":{"line":16,"column":5}},"4":{"start":{"line":10,"column":8},"end":{"line":15,"column":14}},"5":{"start":{"line":13,"column":13},"end":{"line":13,"column":47}},"6":{"start":{"line":14,"column":13},"end":{"line":14,"column":34}},"7":{"start":{"line":17,"column":4},"end":{"line":17,"column":24}},"8":{"start":{"line":19,"column":2},"end":{"line":61,"column":3}},"9":{"start":{"line":26,"column":25},"end":{"line":26,"column":50}},"10":{"start":{"line":31,"column":29},"end":{"line":31,"column":142}},"11":{"start":{"line":33,"column":33},"end":{"line":33,"column":56}},"12":{"start":{"line":34,"column":36},"end":{"line":34,"column":59}},"13":{"start":{"line":35,"column":16},"end":{"line":54,"column":17}}},"fnMap":{"0":{"name":"(anonymous_0)","decl":{"start":{"line":5,"column":16},"end":{"line":5,"column":17}},"loc":{"start":{"line":5,"column":22},"end":{"line":62,"column":1}},"line":5},"1":{"name":"(anonymous_1)","decl":{"start":{"line":9,"column":17},"end":{"line":9,"column":18}},"loc":{"start":{"line":9,"column":23},"end":{"line":16,"column":5}},"line":9},"2":{"name":"(anonymous_2)","decl":{"start":{"line":12,"column":18},"end":{"line":12,"column":19}},"loc":{"start":{"line":12,"column":25},"end":{"line":15,"column":13}},"line":12},"3":{"name":"(anonymous_3)","decl":{"start":{"line":26,"column":19},"end":{"line":26,"column":20}},"loc":{"start":{"line":26,"column":25},"end":{"line":26,"column":50}},"line":26},"4":{"name":"(anonymous_4)","decl":{"start":{"line":31,"column":16},"end":{"line":31,"column":17}},"loc":{"start":{"line":31,"column":29},"end":{"line":31,"column":142}},"line":31},"5":{"name":"(anonymous_5)","decl":{"start":{"line":32,"column":18},"end":{"line":32,"column":19}},"loc":{"start":{"line":32,"column":31},"end":{"line":55,"column":13}},"line":32}},"branchMap":{"0":{"loc":{"start":{"line":28,"column":10},"end":{"line":57,"column":15}},"type":"cond-expr","locations":[{"start":{"line":28,"column":26},"end":{"line":28,"column":28}},{"start":{"line":29,"column":9},"end":{"line":57,"column":15}}],"line":28},"1":{"loc":{"start":{"line":31,"column":29},"end":{"line":31,"column":142}},"type":"cond-expr","locations":[{"start":{"line":31,"column":59},"end":{"line":31,"column":75}},{"start":{"line":31,"column":78},"end":{"line":31,"column":142}}],"line":31},"2":{"loc":{"start":{"line":33,"column":33},"end":{"line":33,"column":56}},"type":"binary-expr","locations":[{"start":{"line":33,"column":33},"end":{"line":33,"column":50}},{"start":{"line":33,"column":54},"end":{"line":33,"column":56}}],"line":33}},"s":{"0":0,"1":0,"2":0,"3":0,"4":0,"5":0,"6":0,"7":0,"8":0,"9":0,"10":0,"11":0,"12":0,"13":0},"f":{"0":0,"1":0,"2":0,"3":0,"4":0,"5":0},"b":{"0":[0,0],"1":[0,0],"2":[0,0]}}
,"C:\\Users\\user\\Desktop\\fullstack_cours\\part02\\part02\\src\\CountryList.jsx": {"path":"C:\\Users\\user\\Desktop\\fullstack_cours\\part02\\part02\\src\\CountryList.jsx","statementMap":{"0":{"start":{"line":5,"column":36},"end":{"line":5,"column":48}},"1":{"start":{"line":6,"column":36},"end":{"line":6,"column":51}},"2":{"start":{"line":7,"column":28},"end":{"line":7,"column":42}},"3":{"start":{"line":9,"column":2},"end":{"line":30,"column":9}},"4":{"start":{"line":10,"column":27},"end":{"line":27,"column":5}},"5":{"start":{"line":11,"column":6},"end":{"line":11,"column":25}},"6":{"start":{"line":12,"column":6},"end":{"line":12,"column":21}},"7":{"start":{"line":14,"column":6},"end":{"line":26,"column":7}},"8":{"start":{"line":15,"column":25},"end":{"line":15,"column":91}},"9":{"start":{"line":16,"column":8},"end":{"line":18,"column":9}},"10":{"start":{"line":17,"column":10},"end":{"line":17,"column":55}},"11":{"start":{"line":19,"column":21},"end":{"line":19,"column":42}},"12":{"start":{"line":20,"column":8},"end":{"line":20,"column":27}},"13":{"start":{"line":22,"column":8},"end":{"line":22,"column":58}},"14":{"start":{"line":23,"column":8},"end":{"line":23,"column":32}},"15":{"start":{"line":25,"column":8},"end":{"line":25,"column":28}},"16":{"start":{"line":29,"column":4},"end":{"line":29,"column":21}},"17":{"start":{"line":32,"column":2},"end":{"line":47,"column":4}},"18":{"start":{"line":39,"column":12},"end":{"line":41,"column":17}}},"fnMap":{"0":{"name":"CountryList","decl":{"start":{"line":4,"column":9},"end":{"line":4,"column":20}},"loc":{"start":{"line":4,"column":23},"end":{"line":48,"column":1}},"line":4},"1":{"name":"(anonymous_1)","decl":{"start":{"line":9,"column":12},"end":{"line":9,"column":13}},"loc":{"start":{"line":9,"column":18},"end":{"line":30,"column":3}},"line":9},"2":{"name":"(anonymous_2)","decl":{"start":{"line":10,"column":27},"end":{"line":10,"column":28}},"loc":{"start":{"line":10,"column":39},"end":{"line":27,"column":5}},"line":10},"3":{"name":"(anonymous_3)","decl":{"start":{"line":38,"column":25},"end":{"line":38,"column":26}},"loc":{"start":{"line":39,"column":12},"end":{"line":41,"column":17}},"line":39}},"branchMap":{"0":{"loc":{"start":{"line":16,"column":8},"end":{"line":18,"column":9}},"type":"if","locations":[{"start":{"line":16,"column":8},"end":{"line":18,"column":9}},{"start":{},"end":{}}],"line":16},"1":{"loc":{"start":{"line":34,"column":7},"end":{"line":34,"column":47}},"type":"binary-expr","locations":[{"start":{"line":34,"column":7},"end":{"line":34,"column":16}},{"start":{"line":34,"column":20},"end":{"line":34,"column":47}}],"line":34},"2":{"loc":{"start":{"line":35,"column":7},"end":{"line":35,"column":48}},"type":"binary-expr","locations":[{"start":{"line":35,"column":7},"end":{"line":35,"column":12}},{"start":{"line":35,"column":16},"end":{"line":35,"column":48}}],"line":35},"3":{"loc":{"start":{"line":36,"column":7},"end":{"line":44,"column":7}},"type":"binary-expr","locations":[{"start":{"line":36,"column":7},"end":{"line":36,"column":27}},{"start":{"line":37,"column":8},"end":{"line":43,"column":13}}],"line":36},"4":{"loc":{"start":{"line":45,"column":7},"end":{"line":45,"column":73}},"type":"binary-expr","locations":[{"start":{"line":45,"column":7},"end":{"line":45,"column":29}},{"start":{"line":45,"column":33},"end":{"line":45,"column":43}},{"start":{"line":45,"column":47},"end":{"line":45,"column":73}}],"line":45}},"s":{"0":0,"1":0,"2":0,"3":0,"4":0,"5":0,"6":0,"7":0,"8":0,"9":0,"10":0,"11":0,"12":0,"13":0,"14":0,"15":0,"16":0,"17":0,"18":0},"f":{"0":0,"1":0,"2":0,"3":0},"b":{"0":[0,0],"1":[0,0],"2":[0,0],"3":[0,0],"4":[0,0,0]}}
,"C:\\Users\\user\\Desktop\\fullstack_cours\\part02\\part02\\src\\main.jsx": {"path":"C:\\Users\\user\\Desktop\\fullstack_cours\\part02\\part02\\src\\main.jsx","statementMap":{"0":{"start":{"line":11,"column":0},"end":{"line":15,"column":1}}},"fnMap":{},"branchMap":{},"s":{"0":0},"f":{},"b":{}}
,"C:\\Users\\user\\Desktop\\fullstack_cours\\part02\\part02\\src\\components\\Footer.jsx": {"path":"C:\\Users\\user\\Desktop\\fullstack_cours\\part02\\part02\\src\\components\\Footer.jsx","statementMap":{"0":{"start":{"line":3,"column":15},"end":{"line":17,"column":1}},"1":{"start":{"line":4,"column":23},"end":{"line":10,"column":5}},"2":{"start":{"line":11,"column":2},"end":{"line":16,"column":3}}},"fnMap":{"0":{"name":"(anonymous_0)","decl":{"start":{"line":3,"column":15},"end":{"line":3,"column":16}},"loc":{"start":{"line":3,"column":21},"end":{"line":17,"column":1}},"line":3}},"branchMap":{},"s":{"0":0,"1":0,"2":0},"f":{"0":0},"b":{}}
,"C:\\Users\\user\\Desktop\\fullstack_cours\\part02\\part02\\src\\components\\LoginForm.jsx": {"path":"C:\\Users\\user\\Desktop\\fullstack_cours\\part02\\part02\\src\\components\\LoginForm.jsx","statementMap":{"0":{"start":{"line":8,"column":18},"end":{"line":41,"column":1}},"1":{"start":{"line":16,"column":2},"end":{"line":40,"column":3}},"2":{"start":{"line":43,"column":0},"end":{"line":49,"column":1}}},"fnMap":{"0":{"name":"(anonymous_0)","decl":{"start":{"line":8,"column":18},"end":{"line":8,"column":19}},"loc":{"start":{"line":15,"column":6},"end":{"line":41,"column":1}},"line":15}},"branchMap":{},"s":{"0":0,"1":0,"2":0},"f":{"0":0},"b":{}}
,"C:\\Users\\user\\Desktop\\fullstack_cours\\part02\\part02\\src\\components\\Note.jsx": {"path":"C:\\Users\\user\\Desktop\\fullstack_cours\\part02\\part02\\src\\components\\Note.jsx","statementMap":{"0":{"start":{"line":2,"column":13},"end":{"line":13,"column":1}},"1":{"start":{"line":3,"column":16},"end":{"line":4,"column":43}},"2":{"start":{"line":5,"column":2},"end":{"line":12,"column":3}}},"fnMap":{"0":{"name":"(anonymous_0)","decl":{"start":{"line":2,"column":13},"end":{"line":2,"column":14}},"loc":{"start":{"line":2,"column":42},"end":{"line":13,"column":1}},"line":2}},"branchMap":{"0":{"loc":{"start":{"line":3,"column":16},"end":{"line":4,"column":43}},"type":"cond-expr","locations":[{"start":{"line":4,"column":4},"end":{"line":4,"column":24}},{"start":{"line":4,"column":27},"end":{"line":4,"column":43}}],"line":3}},"s":{"0":1,"1":1,"2":1},"f":{"0":1},"b":{"0":[1,0]},"_coverageSchema":"1a1c01bbd47fc00a2c39e90264f33305004495a9","hash":"2dccf8c5e8b4f79e7c292e13a9b51b60c4e3f4e2"}
,"C:\\Users\\user\\Desktop\\fullstack_cours\\part02\\part02\\src\\components\\NoteForm.jsx": {"path":"C:\\Users\\user\\Desktop\\fullstack_cours\\part02\\part02\\src\\components\\NoteForm.jsx","statementMap":{"0":{"start":{"line":6,"column":17},"end":{"line":28,"column":1}},"1":{"start":{"line":7,"column":32},"end":{"line":7,"column":44}},"2":{"start":{"line":9,"column":18},"end":{"line":17,"column":3}},"3":{"start":{"line":10,"column":4},"end":{"line":10,"column":22}},"4":{"start":{"line":11,"column":4},"end":{"line":14,"column":6}},"5":{"start":{"line":16,"column":4},"end":{"line":16,"column":18}},"6":{"start":{"line":18,"column":2},"end":{"line":27,"column":3}},"7":{"start":{"line":23,"column":27},"end":{"line":23,"column":53}}},"fnMap":{"0":{"name":"(anonymous_0)","decl":{"start":{"line":6,"column":17},"end":{"line":6,"column":18}},"loc":{"start":{"line":6,"column":37},"end":{"line":28,"column":1}},"line":6},"1":{"name":"(anonymous_1)","decl":{"start":{"line":9,"column":18},"end":{"line":9,"column":19}},"loc":{"start":{"line":9,"column":25},"end":{"line":17,"column":3}},"line":9},"2":{"name":"(anonymous_2)","decl":{"start":{"line":23,"column":20},"end":{"line":23,"column":21}},"loc":{"start":{"line":23,"column":27},"end":{"line":23,"column":53}},"line":23}},"branchMap":{},"s":{"0":1,"1":1,"2":1,"3":0,"4":0,"5":0,"6":1,"7":0},"f":{"0":1,"1":0,"2":0},"b":{},"_coverageSchema":"1a1c01bbd47fc00a2c39e90264f33305004495a9","hash":"6ca8ff307a1ada99b4f88b20e4bb140a2556f2f3"}
,"C:\\Users\\user\\Desktop\\fullstack_cours\\part02\\part02\\src\\components\\Notification.jsx": {"path":"C:\\Users\\user\\Desktop\\fullstack_cours\\part02\\part02\\src\\components\\Notification.jsx","statementMap":{"0":{"start":{"line":4,"column":21},"end":{"line":11,"column":1}},"1":{"start":{"line":5,"column":4},"end":{"line":5,"column":37}},"2":{"start":{"line":5,"column":25},"end":{"line":5,"column":37}},"3":{"start":{"line":6,"column":2},"end":{"line":10,"column":3}}},"fnMap":{"0":{"name":"(anonymous_0)","decl":{"start":{"line":4,"column":21},"end":{"line":4,"column":22}},"loc":{"start":{"line":4,"column":36},"end":{"line":11,"column":1}},"line":4}},"branchMap":{"0":{"loc":{"start":{"line":5,"column":4},"end":{"line":5,"column":37}},"type":"if","locations":[{"start":{"line":5,"column":4},"end":{"line":5,"column":37}},{"start":{},"end":{}}],"line":5}},"s":{"0":0,"1":0,"2":0,"3":0},"f":{"0":0},"b":{"0":[0,0]}}
,"C:\\Users\\user\\Desktop\\fullstack_cours\\part02\\part02\\src\\components\\Search.jsx": {"path":"C:\\Users\\user\\Desktop\\fullstack_cours\\part02\\part02\\src\\components\\Search.jsx","statementMap":{"0":{"start":{"line":3,"column":15},"end":{"line":8,"column":1}},"1":{"start":{"line":5,"column":2},"end":{"line":7,"column":3}}},"fnMap":{"0":{"name":"(anonymous_0)","decl":{"start":{"line":3,"column":15},"end":{"line":3,"column":16}},"loc":{"start":{"line":3,"column":21},"end":{"line":8,"column":1}},"line":3}},"branchMap":{},"s":{"0":0,"1":0},"f":{"0":0},"b":{}}
,"C:\\Users\\user\\Desktop\\fullstack_cours\\part02\\part02\\src\\components\\Togglabel.jsx": {"path":"C:\\Users\\user\\Desktop\\fullstack_cours\\part02\\part02\\src\\components\\Togglabel.jsx","statementMap":{"0":{"start":{"line":9,"column":18},"end":{"line":36,"column":2}},"1":{"start":{"line":10,"column":32},"end":{"line":10,"column":47}},"2":{"start":{"line":12,"column":26},"end":{"line":12,"column":60}},"3":{"start":{"line":13,"column":26},"end":{"line":13,"column":60}},"4":{"start":{"line":15,"column":27},"end":{"line":17,"column":3}},"5":{"start":{"line":16,"column":4},"end":{"line":16,"column":24}},"6":{"start":{"line":19,"column":2},"end":{"line":23,"column":4}},"7":{"start":{"line":20,"column":4},"end":{"line":22,"column":5}},"8":{"start":{"line":25,"column":2},"end":{"line":35,"column":3}},"9":{"start":{"line":37,"column":0},"end":{"line":39,"column":1}},"10":{"start":{"line":40,"column":0},"end":{"line":40,"column":35}}},"fnMap":{"0":{"name":"(anonymous_0)","decl":{"start":{"line":9,"column":29},"end":{"line":9,"column":30}},"loc":{"start":{"line":9,"column":46},"end":{"line":36,"column":1}},"line":9},"1":{"name":"(anonymous_1)","decl":{"start":{"line":15,"column":27},"end":{"line":15,"column":28}},"loc":{"start":{"line":15,"column":33},"end":{"line":17,"column":3}},"line":15},"2":{"name":"(anonymous_2)","decl":{"start":{"line":19,"column":28},"end":{"line":19,"column":29}},"loc":{"start":{"line":19,"column":34},"end":{"line":23,"column":3}},"line":19}},"branchMap":{"0":{"loc":{"start":{"line":12,"column":37},"end":{"line":12,"column":58}},"type":"cond-expr","locations":[{"start":{"line":12,"column":47},"end":{"line":12,"column":53}},{"start":{"line":12,"column":56},"end":{"line":12,"column":58}}],"line":12},"1":{"loc":{"start":{"line":13,"column":37},"end":{"line":13,"column":58}},"type":"cond-expr","locations":[{"start":{"line":13,"column":47},"end":{"line":13,"column":49}},{"start":{"line":13,"column":52},"end":{"line":13,"column":58}}],"line":13}},"s":{"0":1,"1":5,"2":5,"3":5,"4":5,"5":0,"6":5,"7":0,"8":5,"9":1,"10":1},"f":{"0":5,"1":0,"2":0},"b":{"0":[0,5],"1":[0,5]},"_coverageSchema":"1a1c01bbd47fc00a2c39e90264f33305004495a9","hash":"386d67706d87d977dc14b92a252b4359c4995d42"}
,"C:\\Users\\user\\Desktop\\fullstack_cours\\part02\\part02\\src\\service\\login.js": {"path":"C:\\Users\\user\\Desktop\\fullstack_cours\\part02\\part02\\src\\service\\login.js","statementMap":{"0":{"start":{"line":3,"column":16},"end":{"line":3,"column":49}},"1":{"start":{"line":5,"column":14},"end":{"line":9,"column":1}},"2":{"start":{"line":6,"column":16},"end":{"line":6,"column":54}},"3":{"start":{"line":7,"column":4},"end":{"line":7,"column":21}},"4":{"start":{"line":8,"column":4},"end":{"line":8,"column":20}}},"fnMap":{"0":{"name":"(anonymous_0)","decl":{"start":{"line":5,"column":14},"end":{"line":5,"column":15}},"loc":{"start":{"line":5,"column":35},"end":{"line":9,"column":1}},"line":5}},"branchMap":{},"s":{"0":0,"1":0,"2":0,"3":0,"4":0},"f":{"0":0},"b":{}}
,"C:\\Users\\user\\Desktop\\fullstack_cours\\part02\\part02\\src\\service\\notes.js": {"path":"C:\\Users\\user\\Desktop\\fullstack_cours\\part02\\part02\\src\\service\\notes.js","statementMap":{"0":{"start":{"line":3,"column":16},"end":{"line":3,"column":49}},"1":{"start":{"line":5,"column":12},"end":{"line":5,"column":16}},"2":{"start":{"line":7,"column":17},"end":{"line":9,"column":1}},"3":{"start":{"line":8,"column":4},"end":{"line":8,"column":33}},"4":{"start":{"line":11,"column":14},"end":{"line":14,"column":1}},"5":{"start":{"line":12,"column":16},"end":{"line":12,"column":34}},"6":{"start":{"line":13,"column":4},"end":{"line":13,"column":36}},"7":{"start":{"line":13,"column":27},"end":{"line":13,"column":35}},"8":{"start":{"line":18,"column":15},"end":{"line":24,"column":1}},"9":{"start":{"line":19,"column":18},"end":{"line":21,"column":5}},"10":{"start":{"line":22,"column":16},"end":{"line":22,"column":54}},"11":{"start":{"line":23,"column":4},"end":{"line":23,"column":37}},"12":{"start":{"line":23,"column":27},"end":{"line":23,"column":35}},"13":{"start":{"line":26,"column":15},"end":{"line":29,"column":1}},"14":{"start":{"line":27,"column":16},"end":{"line":27,"column":56}},"15":{"start":{"line":28,"column":4},"end":{"line":28,"column":37}},"16":{"start":{"line":28,"column":27},"end":{"line":28,"column":35}},"17":{"start":{"line":31,"column":19},"end":{"line":34,"column":1}},"18":{"start":{"line":32,"column":16},"end":{"line":32,"column":48}},"19":{"start":{"line":33,"column":4},"end":{"line":33,"column":37}},"20":{"start":{"line":33,"column":27},"end":{"line":33,"column":35}}},"fnMap":{"0":{"name":"(anonymous_0)","decl":{"start":{"line":7,"column":17},"end":{"line":7,"column":18}},"loc":{"start":{"line":7,"column":31},"end":{"line":9,"column":1}},"line":7},"1":{"name":"(anonymous_1)","decl":{"start":{"line":11,"column":14},"end":{"line":11,"column":15}},"loc":{"start":{"line":11,"column":19},"end":{"line":14,"column":1}},"line":11},"2":{"name":"(anonymous_2)","decl":{"start":{"line":13,"column":20},"end":{"line":13,"column":21}},"loc":{"start":{"line":13,"column":27},"end":{"line":13,"column":35}},"line":13},"3":{"name":"(anonymous_3)","decl":{"start":{"line":18,"column":15},"end":{"line":18,"column":16}},"loc":{"start":{"line":18,"column":27},"end":{"line":24,"column":1}},"line":18},"4":{"name":"(anonymous_4)","decl":{"start":{"line":23,"column":20},"end":{"line":23,"column":21}},"loc":{"start":{"line":23,"column":27},"end":{"line":23,"column":35}},"line":23},"5":{"name":"(anonymous_5)","decl":{"start":{"line":26,"column":15},"end":{"line":26,"column":16}},"loc":{"start":{"line":26,"column":33},"end":{"line":29,"column":1}},"line":26},"6":{"name":"(anonymous_6)","decl":{"start":{"line":28,"column":20},"end":{"line":28,"column":21}},"loc":{"start":{"line":28,"column":27},"end":{"line":28,"column":35}},"line":28},"7":{"name":"(anonymous_7)","decl":{"start":{"line":31,"column":19},"end":{"line":31,"column":20}},"loc":{"start":{"line":31,"column":26},"end":{"line":34,"column":1}},"line":31},"8":{"name":"(anonymous_8)","decl":{"start":{"line":33,"column":20},"end":{"line":33,"column":21}},"loc":{"start":{"line":33,"column":27},"end":{"line":33,"column":35}},"line":33}},"branchMap":{},"s":{"0":0,"1":0,"2":0,"3":0,"4":0,"5":0,"6":0,"7":0,"8":0,"9":0,"10":0,"11":0,"12":0,"13":0,"14":0,"15":0,"16":0,"17":0,"18":0,"19":0,"20":0},"f":{"0":0,"1":0,"2":0,"3":0,"4":0,"5":0,"6":0,"7":0,"8":0},"b":{}}
}
